12:50:18 [App     ] OpenMVS x64 v2.2.0
12:50:18 [App     ] Build date: Dec 12 2023, 11:55:46
12:50:18 [App     ] CPU: 13th Gen Intel(R) Core(TM) i7-13700KF (24 cores)
12:50:18 [App     ] RAM: 31.17GB Physical Memory 61.04GB Virtual Memory
12:50:18 [App     ] OS: Linux 6.2.0-37-generic (x86_64)
12:50:18 [App     ] Disk: 350.78GB (374.42GB) space
12:50:18 [App     ] SSE & AVX compatible CPU & OS detected
12:50:18 [App     ] Command line: ReconstructMesh scene_dense.mvs
12:50:18 [App     ] Scene loaded (413ms):
	11 images (11 calibrated) with a total of 15.81 MPixels (1.44 MPixels/image)
	1346323 points, 0 vertices, 0 faces
12:50:21 [App     ] Delaunay tetrahedralization completed: 1346323 points -> 514468 vertices, 3284863 (+148) cells, 6569800 (+222) faces (2s724ms)
12:50:24 [App     ] Delaunay tetrahedras weighting completed: 3285011 cells, 6570022 faces (2s824ms)
12:50:27 [App     ] Delaunay tetrahedras graph-cut completed (306551 flow): 500044 vertices, 1000423 faces (3s9ms)
12:50:29 [App     ] Mesh reconstruction completed: 500124 vertices, 1000219 faces (11s371ms)
12:50:31 [App     ] Cleaned mesh: 499516 vertices, 998303 faces (2s11ms)
12:50:33 [App     ] Cleaned mesh: 499516 vertices, 998306 faces (1s172ms)
12:50:33 [App     ] Cleaned mesh: 499516 vertices, 998306 faces (838ms)
12:50:34 [App     ] Scene saved (130ms):
	11 images (11 calibrated)
	0 points, 499516 vertices, 998306 faces
12:50:34 [App     ] Mesh saved: 499516 vertices, 998306 faces (45ms)
12:50:34 [App     ] MEMORYINFO: {
12:50:34 [App     ] 	VmPeak:	 2961004 kB
12:50:34 [App     ] 	VmSize:	 2319384 kB
12:50:34 [App     ] } ENDINFO
