12:52:02 [App     ] OpenMVS x64 v2.2.0
12:52:02 [App     ] Build date: Dec 12 2023, 11:55:46
12:52:02 [App     ] CPU: 13th Gen Intel(R) Core(TM) i7-13700KF (24 cores)
12:52:02 [App     ] RAM: 31.17GB Physical Memory 61.04GB Virtual Memory
12:52:02 [App     ] OS: Linux 6.2.0-37-generic (x86_64)
12:52:02 [App     ] Disk: 350.75GB (374.42GB) space
12:52:02 [App     ] SSE & AVX compatible CPU & OS detected
12:52:02 [App     ] Command line: RefineMesh scene_dense_mesh.mvs
12:52:02 [App     ] Scene loaded (97ms):
	11 images (11 calibrated) with a total of 63.22 MPixels (5.75 MPixels/image)
	0 points, 499516 vertices, 998306 faces
12:52:07 [App     ] Cleaned mesh: 93947 vertices, 187208 faces (4s658ms)
12:52:07 [App     ] Cleaned mesh: 93947 vertices, 187208 faces (185ms)
12:52:11 [App     ] Cleaned mesh: 79686 vertices, 158436 faces (157ms)
12:52:11 [App     ] Mesh subdivided: 93947/187208 -> 79686/158436 vertices/faces
12:52:11 [App     ] 	 1. f: 0.32592 (4.0900e-06)	g: 0.04629 (5.8087e-07 - 6.4816e-05)	s: 0.500	v:     0
12:52:12 [App     ] 	 2. f: 0.32410 (4.0672e-06)	g: 0.02449 (3.0737e-07 - 5.1662e-05)	s: 0.490	v:     0
12:52:12 [App     ] 	 3. f: 0.32335 (4.0579e-06)	g: 0.02101 (2.6367e-07 - 4.4287e-05)	s: 0.480	v:     0
12:52:13 [App     ] 	 4. f: 0.32353 (4.0601e-06)	g: 0.01817 (2.2799e-07 - 3.9092e-05)	s: 0.471	v:     0
12:52:13 [App     ] 	 5. f: 0.32394 (4.0652e-06)	g: 0.01648 (2.0683e-07 - 3.5215e-05)	s: 0.461	v:     0
12:52:14 [App     ] 	 6. f: 0.32447 (4.0719e-06)	g: 0.01450 (1.8195e-07 - 3.2074e-05)	s: 0.452	v:     0
12:52:15 [App     ] 	 7. f: 0.32496 (4.0780e-06)	g: 0.01369 (1.7182e-07 - 2.9627e-05)	s: 0.443	v:     0
12:52:15 [App     ] 	 8. f: 0.32551 (4.0849e-06)	g: 0.01261 (1.5821e-07 - 2.7566e-05)	s: 0.434	v:     0
12:52:16 [App     ] 	 9. f: 0.32597 (4.0906e-06)	g: 0.01217 (1.5274e-07 - 2.5876e-05)	s: 0.425	v:     0
12:52:16 [App     ] 	10. f: 0.32632 (4.0951e-06)	g: 0.01144 (1.4351e-07 - 2.4425e-05)	s: 0.417	v:     0
12:52:17 [App     ] 	11. f: 0.32673 (4.1002e-06)	g: 0.01104 (1.3853e-07 - 2.3295e-05)	s: 0.409	v:     0
12:52:18 [App     ] 	12. f: 0.32705 (4.1042e-06)	g: 0.01070 (1.3424e-07 - 2.2251e-05)	s: 0.400	v:     0
12:52:18 [App     ] 	13. f: 0.32729 (4.1073e-06)	g: 0.01062 (1.3329e-07 - 2.1337e-05)	s: 0.392	v:     0
12:52:19 [App     ] 	14. f: 0.32755 (4.1105e-06)	g: 0.01042 (1.3078e-07 - 2.0568e-05)	s: 0.385	v:     0
12:52:19 [App     ] 	15. f: 0.32777 (4.1133e-06)	g: 0.00985 (1.2364e-07 - 1.9820e-05)	s: 0.377	v:     0
12:52:20 [App     ] 	16. f: 0.32794 (4.1154e-06)	g: 0.01036 (1.3002e-07 - 1.9237e-05)	s: 0.369	v:     0
12:52:21 [App     ] 	17. f: 0.32812 (4.1176e-06)	g: 0.00995 (1.2491e-07 - 1.8656e-05)	s: 0.362	v:     0
12:52:21 [App     ] 	18. f: 0.32825 (4.1193e-06)	g: 0.00921 (1.1554e-07 - 1.8055e-05)	s: 0.355	v:     0
12:52:22 [App     ] 	19. f: 0.32838 (4.1210e-06)	g: 0.00943 (1.1835e-07 - 1.7605e-05)	s: 0.348	v:     0
12:52:22 [App     ] 	20. f: 0.32851 (4.1225e-06)	g: 0.00928 (1.1644e-07 - 1.7167e-05)	s: 0.341	v:     0
12:52:23 [App     ] 	21. f: 0.32861 (4.1238e-06)	g: 0.00835 (1.0482e-07 - 1.6638e-05)	s: 0.334	v:     0
12:52:24 [App     ] 	22. f: 0.32867 (4.1245e-06)	g: 0.00865 (1.0860e-07 - 1.6332e-05)	s: 0.327	v:     0
12:52:24 [App     ] 	23. f: 0.32875 (4.1256e-06)	g: 0.00834 (1.0461e-07 - 1.5950e-05)	s: 0.321	v:     0
12:52:25 [App     ] 	24. f: 0.32883 (4.1266e-06)	g: 0.00886 (1.1118e-07 - 1.5770e-05)	s: 0.314	v:     0
12:52:25 [App     ] 	25. f: 0.32890 (4.1275e-06)	g: 0.00946 (1.1877e-07 - 1.5526e-05)	s: 0.308	v:     0
12:52:26 [App     ] 	26. f: 0.32897 (4.1283e-06)	g: 0.00860 (1.0789e-07 - 1.5179e-05)	s: 0.302	v:     0
12:52:27 [App     ] 	27. f: 0.32900 (4.1288e-06)	g: 0.00847 (1.0624e-07 - 1.4888e-05)	s: 0.296	v:     0
12:52:27 [App     ] 	28. f: 0.32905 (4.1293e-06)	g: 0.00884 (1.1090e-07 - 1.4709e-05)	s: 0.290	v:     0
12:52:28 [App     ] 	29. f: 0.32910 (4.1300e-06)	g: 0.00879 (1.1036e-07 - 1.4440e-05)	s: 0.284	v:     0
12:52:28 [App     ] 	30. f: 0.32909 (4.1299e-06)	g: 0.00890 (1.1165e-07 - 1.4238e-05)	s: 0.278	v:     0
12:52:29 [App     ] 	31. f: 0.32914 (4.1305e-06)	g: 0.00883 (1.1078e-07 - 1.4041e-05)	s: 0.273	v:     0
12:52:30 [App     ] 	32. f: 0.32914 (4.1305e-06)	g: 0.00862 (1.0820e-07 - 1.3810e-05)	s: 0.267	v:     0
12:52:30 [App     ] 	33. f: 0.32919 (4.1311e-06)	g: 0.00812 (1.0187e-07 - 1.4176e-05)	s: 0.262	v:     0
12:52:31 [App     ] 	34. f: 0.32932 (4.1327e-06)	g: 0.00790 (9.9196e-08 - 1.3911e-05)	s: 0.257	v:     0
12:52:31 [App     ] 	35. f: 0.32945 (4.1344e-06)	g: 0.00929 (1.1658e-07 - 1.3838e-05)	s: 0.252	v:     0
12:52:32 [App     ] 	36. f: 0.32962 (4.1365e-06)	g: 0.00809 (1.0155e-07 - 1.3606e-05)	s: 0.247	v:     0
12:52:32 [App     ] 	37. f: 0.32970 (4.1375e-06)	g: 0.00766 (9.6065e-08 - 1.3396e-05)	s: 0.242	v:     0
12:52:33 [App     ] 	38. f: 0.32981 (4.1388e-06)	g: 0.00833 (1.0448e-07 - 1.3277e-05)	s: 0.237	v:     0
12:52:34 [App     ] 	39. f: 0.32990 (4.1400e-06)	g: 0.00960 (1.2048e-07 - 1.3183e-05)	s: 0.232	v:     0
12:52:34 [App     ] 	40. f: 0.33003 (4.1416e-06)	g: 0.00784 (9.8410e-08 - 1.2947e-05)	s: 0.227	v:     0
12:52:35 [App     ] 	41. f: 0.33010 (4.1425e-06)	g: 0.00904 (1.1348e-07 - 1.2963e-05)	s: 0.223	v:     0
12:52:35 [App     ] 	42. f: 0.33019 (4.1436e-06)	g: 0.00898 (1.1273e-07 - 1.2808e-05)	s: 0.218	v:     0
12:52:36 [App     ] 	43. f: 0.33026 (4.1445e-06)	g: 0.00909 (1.1401e-07 - 1.2673e-05)	s: 0.214	v:     0
12:52:37 [App     ] 	44. f: 0.33035 (4.1456e-06)	g: 0.00859 (1.0777e-07 - 1.2524e-05)	s: 0.210	v:     0
12:52:37 [App     ] 	45. f: 0.33042 (4.1465e-06)	g: 0.00866 (1.0869e-07 - 1.2448e-05)	s: 0.206	v:     0
12:52:38 [App     ] Mesh subdivided: 79686/158436 -> 116510/231836 vertices/faces
12:52:40 [App     ] 	 1. f: 0.43875 (3.7657e-06)	g: 0.02429 (2.0849e-07 - 4.6783e-05)	s: 0.500	v:     0
12:52:42 [App     ] 	 2. f: 0.42126 (3.6157e-06)	g: 0.01976 (1.6960e-07 - 3.9234e-05)	s: 0.490	v:     0
12:52:44 [App     ] 	 3. f: 0.40767 (3.4990e-06)	g: 0.01738 (1.4917e-07 - 3.3943e-05)	s: 0.480	v:     0
12:52:46 [App     ] 	 4. f: 0.39703 (3.4077e-06)	g: 0.01528 (1.3115e-07 - 2.9940e-05)	s: 0.471	v:     0
12:52:49 [App     ] 	 5. f: 0.38860 (3.3354e-06)	g: 0.01386 (1.1894e-07 - 2.6765e-05)	s: 0.461	v:     0
12:52:51 [App     ] 	 6. f: 0.38191 (3.2779e-06)	g: 0.01295 (1.1111e-07 - 2.4204e-05)	s: 0.452	v:     0
12:52:53 [App     ] 	 7. f: 0.37652 (3.2316e-06)	g: 0.01218 (1.0450e-07 - 2.2120e-05)	s: 0.443	v:     0
12:52:55 [App     ] 	 8. f: 0.37225 (3.1950e-06)	g: 0.01145 (9.8243e-08 - 2.0373e-05)	s: 0.434	v:     0
12:52:57 [App     ] 	 9. f: 0.36875 (3.1649e-06)	g: 0.01121 (9.6206e-08 - 1.8972e-05)	s: 0.425	v:     0
12:53:00 [App     ] 	10. f: 0.36586 (3.1401e-06)	g: 0.01079 (9.2597e-08 - 1.7726e-05)	s: 0.417	v:     0
12:53:02 [App     ] 	11. f: 0.36349 (3.1198e-06)	g: 0.01103 (9.4671e-08 - 1.6727e-05)	s: 0.409	v:     0
12:53:04 [App     ] 	12. f: 0.36157 (3.1034e-06)	g: 0.01392 (1.1951e-07 - 1.5880e-05)	s: 0.400	v:     0
12:53:06 [App     ] 	13. f: 0.36000 (3.0899e-06)	g: 0.01045 (8.9711e-08 - 1.4964e-05)	s: 0.392	v:     0
12:53:09 [App     ] 	14. f: 0.35864 (3.0782e-06)	g: 0.01026 (8.8037e-08 - 1.4334e-05)	s: 0.385	v:     0
12:53:11 [App     ] 	15. f: 0.35754 (3.0687e-06)	g: 0.00946 (8.1166e-08 - 1.3660e-05)	s: 0.377	v:     0
12:53:13 [App     ] 	16. f: 0.35650 (3.0598e-06)	g: 0.00980 (8.4150e-08 - 1.3184e-05)	s: 0.369	v:     0
12:53:15 [App     ] 	17. f: 0.35569 (3.0529e-06)	g: 0.00904 (7.7584e-08 - 1.3029e-05)	s: 0.362	v:     0
12:53:18 [App     ] 	18. f: 0.35511 (3.0479e-06)	g: 0.00860 (7.3808e-08 - 1.2523e-05)	s: 0.355	v:     0
12:53:20 [App     ] 	19. f: 0.35462 (3.0437e-06)	g: 0.00977 (8.3876e-08 - 1.2205e-05)	s: 0.348	v:     0
12:53:22 [App     ] 	20. f: 0.35427 (3.0407e-06)	g: 0.00973 (8.3554e-08 - 1.1869e-05)	s: 0.341	v:     0
12:53:24 [App     ] 	21. f: 0.35399 (3.0383e-06)	g: 0.01002 (8.6006e-08 - 1.1541e-05)	s: 0.334	v:     0
12:53:27 [App     ] 	22. f: 0.35373 (3.0360e-06)	g: 0.00814 (6.9835e-08 - 1.1129e-05)	s: 0.327	v:     0
12:53:27 [App     ] Mesh refinement completed: 116510 vertices, 231836 faces (1m25s45ms)
12:53:27 [App     ] Scene saved (30ms):
	11 images (11 calibrated)
	0 points, 116510 vertices, 231836 faces
12:53:27 [App     ] Mesh saved: 116510 vertices, 231836 faces (10ms)
12:53:27 [App     ] MEMORYINFO: {
12:53:27 [App     ] 	VmPeak:	14096568 kB
12:53:27 [App     ] 	VmSize:	12637860 kB
12:53:27 [App     ] } ENDINFO
